<?xml version="1.0" encoding="UTF-8"?>
<!-- Generated by org.testng.reporters.JUnitXMLReporter -->
<testsuite ignored="0" hostname="DESKTOP-5F714E5" failures="1" tests="77" name="A user sees a thankyou page confirming their purchase" time="174.872" errors="0" timestamp="2022-01-18T08:43:41 IST">
  <testcase classname="TestCases.TC_ID1809" name="Scenario1809" time="0.007"/>
  <testcase classname="TestCases.TC_ID1809" name="Scenario1809" time="0.0"/>
  <testcase classname="TestCases.TC_ID1809" name="Scenario1809" time="0.0"/>
  <testcase classname="TestCases.TC_ID1809" name="Scenario1809" time="0.0"/>
  <testcase classname="TestCases.TC_ID1809" name="Scenario1809" time="0.001"/>
  <testcase classname="TestCases.TC_ID1809" name="Scenario1809" time="0.001"/>
  <testcase classname="TestCases.TC_ID1809" name="Scenario1809" time="0.001"/>
  <testcase classname="TestCases.TC_ID1809" name="Scenario1809" time="0.001"/>
  <testcase classname="TestCases.TC_ID1809" name="Scenario1809" time="0.001"/>
  <testcase classname="TestCases.TC_ID1809" name="Scenario1809" time="0.0"/>
  <testcase classname="TestCases.TC_ID1809" name="Scenario1809" time="0.001"/>
  <testcase classname="TestCases.TC_ID1809" name="Scenario1809" time="0.001"/>
  <testcase classname="TestCases.TC_ID1809" name="Scenario1809" time="0.001"/>
  <testcase classname="TestCases.TC_ID1809" name="Scenario1809" time="0.001"/>
  <testcase classname="TestCases.TC_ID1809" name="Scenario1809" time="0.0"/>
  <testcase classname="TestCases.TC_ID1809" name="Scenario1809" time="0.001"/>
  <testcase classname="TestCases.TC_ID1809" name="Scenario1809" time="0.001"/>
  <testcase classname="TestCases.TC_ID1809" name="Scenario1809" time="72.809">
    <failure type="org.openqa.selenium.NoSuchElementException" message="no such element: Unable to locate element: {&amp;quot;method&amp;quot;:&amp;quot;xpath&amp;quot;,&amp;quot;selector&amp;quot;:&amp;quot;//body/div[1]/main[1]/div[4]/div[1]/div[2]/div[1]/form[1]/button[1]&amp;quot;}
  (Session info: chrome=97.0.4692.71)
For documentation on this error, please visit: https://www.seleniumhq.org/exceptions/no_such_element.html
Build info: version: &amp;apos;3.141.59&amp;apos;, revision: &amp;apos;e82be7d358&amp;apos;, time: &amp;apos;2018-11-14T08:17:03&amp;apos;
System info: host: &amp;apos;DESKTOP-5F714E5&amp;apos;, ip: &amp;apos;192.168.0.102&amp;apos;, os.name: &amp;apos;Windows 10&amp;apos;, os.arch: &amp;apos;amd64&amp;apos;, os.version: &amp;apos;10.0&amp;apos;, java.version: &amp;apos;16.0.2&amp;apos;
Driver info: org.openqa.selenium.chrome.ChromeDriver
Capabilities {acceptInsecureCerts: false, browserName: chrome, browserVersion: 97.0.4692.71, chrome: {chromedriverVersion: 97.0.4692.71 (adefa7837d02a..., userDataDir: C:\Users\USHASR~1\AppData\L...}, goog:chromeOptions: {debuggerAddress: localhost:51919}, javascriptEnabled: true, networkConnectionEnabled: false, pageLoadStrategy: normal, platform: WINDOWS, platformName: WINDOWS, proxy: Proxy(), setWindowRect: true, strictFileInteractability: false, timeouts: {implicit: 0, pageLoad: 300000, script: 30000}, unhandledPromptBehavior: dismiss and notify, webauthn:extension:credBlob: true, webauthn:extension:largeBlob: true, webauthn:virtualAuthenticators: true}
Session ID: e117f3c31a7e6db5ab7cffe30643db7e
*** Element info: {Using=xpath, value=//body/div[1]/main[1]/div[4]/div[1]/div[2]/div[1]/form[1]/button[1]}">
      <![CDATA[org.openqa.selenium.NoSuchElementException: no such element: Unable to locate element: {"method":"xpath","selector":"//body/div[1]/main[1]/div[4]/div[1]/div[2]/div[1]/form[1]/button[1]"}
  (Session info: chrome=97.0.4692.71)
For documentation on this error, please visit: https://www.seleniumhq.org/exceptions/no_such_element.html
Build info: version: '3.141.59', revision: 'e82be7d358', time: '2018-11-14T08:17:03'
System info: host: 'DESKTOP-5F714E5', ip: '192.168.0.102', os.name: 'Windows 10', os.arch: 'amd64', os.version: '10.0', java.version: '16.0.2'
Driver info: org.openqa.selenium.chrome.ChromeDriver
Capabilities {acceptInsecureCerts: false, browserName: chrome, browserVersion: 97.0.4692.71, chrome: {chromedriverVersion: 97.0.4692.71 (adefa7837d02a..., userDataDir: C:\Users\USHASR~1\AppData\L...}, goog:chromeOptions: {debuggerAddress: localhost:51919}, javascriptEnabled: true, networkConnectionEnabled: false, pageLoadStrategy: normal, platform: WINDOWS, platformName: WINDOWS, proxy: Proxy(), setWindowRect: true, strictFileInteractability: false, timeouts: {implicit: 0, pageLoad: 300000, script: 30000}, unhandledPromptBehavior: dismiss and notify, webauthn:extension:credBlob: true, webauthn:extension:largeBlob: true, webauthn:virtualAuthenticators: true}
Session ID: e117f3c31a7e6db5ab7cffe30643db7e
*** Element info: {Using=xpath, value=//body/div[1]/main[1]/div[4]/div[1]/div[2]/div[1]/form[1]/button[1]}
at org.openqa.selenium.remote.http.W3CHttpResponseCodec.createException(W3CHttpResponseCodec.java:187)
at org.openqa.selenium.remote.http.W3CHttpResponseCodec.decode(W3CHttpResponseCodec.java:122)
at org.openqa.selenium.remote.http.W3CHttpResponseCodec.decode(W3CHttpResponseCodec.java:49)
at org.openqa.selenium.remote.HttpCommandExecutor.execute(HttpCommandExecutor.java:158)
at org.openqa.selenium.remote.service.DriverCommandExecutor.execute(DriverCommandExecutor.java:83)
at org.openqa.selenium.remote.RemoteWebDriver.execute(RemoteWebDriver.java:552)
at org.openqa.selenium.remote.RemoteWebDriver.findElement(RemoteWebDriver.java:323)
at org.openqa.selenium.remote.RemoteWebDriver.findElementByXPath(RemoteWebDriver.java:428)
at org.openqa.selenium.By$ByXPath.findElement(By.java:353)
at org.openqa.selenium.remote.RemoteWebDriver.findElement(RemoteWebDriver.java:315)
at org.openqa.selenium.support.pagefactory.DefaultElementLocator.findElement(DefaultElementLocator.java:69)
at org.openqa.selenium.support.pagefactory.internal.LocatingElementHandler.invoke(LocatingElementHandler.java:38)
at jdk.proxy2/jdk.proxy2.$Proxy16.click(Unknown Source)
at Components.Scenario_ID1809.QuotePageTest(Scenario_ID1809.java:100)
at TestCases.TC_ID1809.Scenario1809(TC_ID1809.java:38)
at java.base/java.util.ArrayList.forEach(ArrayList.java:1511)
... Removed 30 stack frames]]>
    </failure>
  </testcase> <!-- Scenario1809 -->
  <testcase classname="TestCases.TC_ID1809" name="Scenario1809" time="0.0"/>
  <testcase classname="TestCases.TC_ID1809" name="Scenario1809" time="0.001"/>
  <testcase classname="TestCases.TC_ID1809" name="Scenario1809" time="0.001"/>
  <testcase classname="TestCases.TC_ID1809" name="Scenario1809" time="0.001"/>
  <testcase classname="TestCases.TC_ID1809" name="Scenario1809" time="0.0"/>
  <testcase classname="TestCases.TC_ID1809" name="Scenario1809" time="0.0"/>
  <testcase classname="TestCases.TC_ID1809" name="Scenario1809" time="0.0"/>
  <testcase classname="TestCases.TC_ID1809" name="Scenario1809" time="0.0"/>
  <testcase classname="TestCases.TC_ID1809" name="Scenario1809" time="0.001"/>
  <testcase classname="TestCases.TC_ID1809" name="Scenario1809" time="0.001"/>
  <testcase classname="TestCases.TC_ID1809" name="Scenario1809" time="0.0"/>
  <testcase classname="TestCases.TC_ID1809" name="Scenario1809" time="0.001"/>
  <testcase classname="TestCases.TC_ID1809" name="Scenario1809" time="0.001"/>
  <testcase classname="TestCases.TC_ID1809" name="Scenario1809" time="0.001"/>
  <testcase classname="TestCases.TC_ID1809" name="Scenario1809" time="0.0"/>
  <testcase classname="TestCases.TC_ID1809" name="Scenario1809" time="0.0"/>
  <testcase classname="TestCases.TC_ID1809" name="Scenario1809" time="0.001"/>
  <testcase classname="TestCases.TC_ID1809" name="Scenario1809" time="0.001"/>
  <testcase classname="TestCases.TC_ID1809" name="Scenario1809" time="0.0"/>
  <testcase classname="TestCases.TC_ID1809" name="Scenario1809" time="0.001"/>
  <testcase classname="TestCases.TC_ID1809" name="Scenario1809" time="0.001"/>
  <testcase classname="TestCases.TC_ID1809" name="Scenario1809" time="0.0"/>
  <testcase classname="TestCases.TC_ID1809" name="Scenario1809" time="0.001"/>
  <testcase classname="TestCases.TC_ID1809" name="Scenario1809" time="0.001"/>
  <testcase classname="TestCases.TC_ID1809" name="Scenario1809" time="0.001"/>
  <testcase classname="TestCases.TC_ID1809" name="Scenario1809" time="0.001"/>
  <testcase classname="TestCases.TC_ID1809" name="Scenario1809" time="0.001"/>
  <testcase classname="TestCases.TC_ID1809" name="Scenario1809" time="0.0"/>
  <testcase classname="TestCases.TC_ID1809" name="Scenario1809" time="0.001"/>
  <testcase classname="TestCases.TC_ID1809" name="Scenario1809" time="0.001"/>
  <testcase classname="TestCases.TC_ID1809" name="Scenario1809" time="0.002"/>
  <testcase classname="TestCases.TC_ID1809" name="Scenario1809" time="0.001"/>
  <testcase classname="TestCases.TC_ID1809" name="Scenario1809" time="0.0"/>
  <testcase classname="TestCases.TC_ID1809" name="Scenario1809" time="0.001"/>
  <testcase classname="TestCases.TC_ID1809" name="Scenario1809" time="0.001"/>
  <testcase classname="TestCases.TC_ID1809" name="Scenario1809" time="0.001"/>
  <testcase classname="TestCases.TC_ID1809" name="Scenario1809" time="0.0"/>
  <testcase classname="TestCases.TC_ID1809" name="Scenario1809" time="0.001"/>
  <testcase classname="TestCases.TC_ID1809" name="Scenario1809" time="0.001"/>
  <testcase classname="TestCases.TC_ID1809" name="Scenario1809" time="0.001"/>
  <testcase classname="TestCases.TC_ID1809" name="Scenario1809" time="0.001"/>
  <testcase classname="TestCases.TC_ID1809" name="Scenario1809" time="0.001"/>
  <testcase classname="TestCases.TC_ID1809" name="Scenario1809" time="0.001"/>
  <testcase classname="TestCases.TC_ID1809" name="Scenario1809" time="0.001"/>
  <testcase classname="TestCases.TC_ID1809" name="Scenario1809" time="0.001"/>
  <testcase classname="TestCases.TC_ID1809" name="Scenario1809" time="0.001"/>
  <testcase classname="TestCases.TC_ID1809" name="Scenario1809" time="0.001"/>
  <testcase classname="TestCases.TC_ID1809" name="Scenario1809" time="0.002"/>
  <testcase classname="TestCases.TC_ID1809" name="Scenario1809" time="0.002"/>
  <testcase classname="TestCases.TC_ID1809" name="Scenario1809" time="0.001"/>
  <testcase classname="TestCases.TC_ID1809" name="Scenario1809" time="0.003"/>
  <testcase classname="TestCases.TC_ID1809" name="Scenario1809" time="0.002"/>
  <testcase classname="TestCases.TC_ID1809" name="Scenario1809" time="0.003"/>
  <testcase classname="TestCases.TC_ID1809" name="Scenario1809" time="0.002"/>
  <testcase classname="TestCases.TC_ID1809" name="Scenario1809" time="0.002"/>
  <testcase classname="TestCases.TC_ID1809" name="Scenario1809" time="0.001"/>
  <testcase classname="TestCases.TC_ID1809" name="Scenario1809" time="0.001"/>
  <testcase classname="TestCases.TC_ID1809" name="Scenario1809" time="0.0"/>
  <testcase classname="TestCases.TC_ID1809" name="Scenario1809" time="0.0"/>
</testsuite> <!-- A user sees a thankyou page confirming their purchase -->
