<?xml version="1.0" encoding="UTF-8"?>
<!-- Generated by org.testng.reporters.JUnitXMLReporter -->
<testsuite ignored="0" hostname="DESKTOP-5F714E5" failures="1" tests="77" name="A user can enter their credit card information" time="163.769" errors="0" timestamp="2022-01-18T08:46:25 IST">
  <testcase classname="TestCases.TC_ID1810" name="Scenario1810" time="0.011"/>
  <testcase classname="TestCases.TC_ID1810" name="Scenario1810" time="0.001"/>
  <testcase classname="TestCases.TC_ID1810" name="Scenario1810" time="0.002"/>
  <testcase classname="TestCases.TC_ID1810" name="Scenario1810" time="0.001"/>
  <testcase classname="TestCases.TC_ID1810" name="Scenario1810" time="0.001"/>
  <testcase classname="TestCases.TC_ID1810" name="Scenario1810" time="0.001"/>
  <testcase classname="TestCases.TC_ID1810" name="Scenario1810" time="0.003"/>
  <testcase classname="TestCases.TC_ID1810" name="Scenario1810" time="0.002"/>
  <testcase classname="TestCases.TC_ID1810" name="Scenario1810" time="0.001"/>
  <testcase classname="TestCases.TC_ID1810" name="Scenario1810" time="0.0"/>
  <testcase classname="TestCases.TC_ID1810" name="Scenario1810" time="0.001"/>
  <testcase classname="TestCases.TC_ID1810" name="Scenario1810" time="0.0"/>
  <testcase classname="TestCases.TC_ID1810" name="Scenario1810" time="0.003"/>
  <testcase classname="TestCases.TC_ID1810" name="Scenario1810" time="0.0"/>
  <testcase classname="TestCases.TC_ID1810" name="Scenario1810" time="0.004"/>
  <testcase classname="TestCases.TC_ID1810" name="Scenario1810" time="0.002"/>
  <testcase classname="TestCases.TC_ID1810" name="Scenario1810" time="0.0"/>
  <testcase classname="TestCases.TC_ID1810" name="Scenario1810" time="0.009"/>
  <testcase classname="TestCases.TC_ID1810" name="Scenario1810" time="62.11">
    <failure type="org.openqa.selenium.TimeoutException" message="Expected condition failed: waiting for visibility of Proxy element for: DefaultElementLocator &amp;apos;By.xpath: //input[@name=&amp;apos;party-has-terminal-illness-question&amp;apos; and @value=&amp;apos;false&amp;apos;]&amp;apos; (tried for 40 second(s) with 500 milliseconds interval)">
      <![CDATA[org.openqa.selenium.TimeoutException: Expected condition failed: waiting for visibility of Proxy element for: DefaultElementLocator 'By.xpath: //input[@name='party-has-terminal-illness-question' and @value='false']' (tried for 40 second(s) with 500 milliseconds interval)
at org.openqa.selenium.support.ui.WebDriverWait.timeoutException(WebDriverWait.java:95)
at org.openqa.selenium.support.ui.FluentWait.until(FluentWait.java:272)
at Components.Scenario_ID1810.PreExistingMedicalQuesTest(Scenario_ID1810.java:70)
at TestCases.TC_ID1810.Scenario1810(TC_ID1810.java:36)
at java.base/java.util.ArrayList.forEach(ArrayList.java:1511)
Caused by: org.openqa.selenium.NoSuchElementException: no such element: Unable to locate element: {"method":"xpath","selector":"//input[@name='party-has-terminal-illness-question' and @value='false']"}
  (Session info: chrome=97.0.4692.71)
For documentation on this error, please visit: https://www.seleniumhq.org/exceptions/no_such_element.html
Build info: version: '3.141.59', revision: 'e82be7d358', time: '2018-11-14T08:17:03'
System info: host: 'DESKTOP-5F714E5', ip: '192.168.0.102', os.name: 'Windows 10', os.arch: 'amd64', os.version: '10.0', java.version: '16.0.2'
Driver info: org.openqa.selenium.chrome.ChromeDriver
Capabilities {acceptInsecureCerts: false, browserName: chrome, browserVersion: 97.0.4692.71, chrome: {chromedriverVersion: 97.0.4692.71 (adefa7837d02a..., userDataDir: C:\Users\USHASR~1\AppData\L...}, goog:chromeOptions: {debuggerAddress: localhost:52177}, javascriptEnabled: true, networkConnectionEnabled: false, pageLoadStrategy: normal, platform: WINDOWS, platformName: WINDOWS, proxy: Proxy(), setWindowRect: true, strictFileInteractability: false, timeouts: {implicit: 0, pageLoad: 300000, script: 30000}, unhandledPromptBehavior: dismiss and notify, webauthn:extension:credBlob: true, webauthn:extension:largeBlob: true, webauthn:virtualAuthenticators: true}
Session ID: 985d8793ec8bdea6a2b023fed0b9dfc4
*** Element info: {Using=xpath, value=//input[@name='party-has-terminal-illness-question' and @value='false']}
at org.openqa.selenium.remote.http.W3CHttpResponseCodec.createException(W3CHttpResponseCodec.java:187)
at org.openqa.selenium.remote.http.W3CHttpResponseCodec.decode(W3CHttpResponseCodec.java:122)
at org.openqa.selenium.remote.http.W3CHttpResponseCodec.decode(W3CHttpResponseCodec.java:49)
at org.openqa.selenium.remote.HttpCommandExecutor.execute(HttpCommandExecutor.java:158)
at org.openqa.selenium.remote.service.DriverCommandExecutor.execute(DriverCommandExecutor.java:83)
at org.openqa.selenium.remote.RemoteWebDriver.execute(RemoteWebDriver.java:552)
at org.openqa.selenium.remote.RemoteWebDriver.findElement(RemoteWebDriver.java:323)
at org.openqa.selenium.remote.RemoteWebDriver.findElementByXPath(RemoteWebDriver.java:428)
at org.openqa.selenium.By$ByXPath.findElement(By.java:353)
at org.openqa.selenium.remote.RemoteWebDriver.findElement(RemoteWebDriver.java:315)
at org.openqa.selenium.support.pagefactory.DefaultElementLocator.findElement(DefaultElementLocator.java:69)
at org.openqa.selenium.support.pagefactory.internal.LocatingElementHandler.invoke(LocatingElementHandler.java:38)
at jdk.proxy2/jdk.proxy2.$Proxy16.isDisplayed(Unknown Source)
at org.openqa.selenium.support.ui.ExpectedConditions.elementIfVisible(ExpectedConditions.java:314)
at org.openqa.selenium.support.ui.ExpectedConditions.access$000(ExpectedConditions.java:43)
at org.openqa.selenium.support.ui.ExpectedConditions$10.apply(ExpectedConditions.java:300)
at org.openqa.selenium.support.ui.ExpectedConditions$10.apply(ExpectedConditions.java:297)
at org.openqa.selenium.support.ui.FluentWait.until(FluentWait.java:249)
... 29 more
... Removed 30 stack frames]]>
    </failure>
  </testcase> <!-- Scenario1810 -->
  <testcase classname="TestCases.TC_ID1810" name="Scenario1810" time="0.004"/>
  <testcase classname="TestCases.TC_ID1810" name="Scenario1810" time="0.001"/>
  <testcase classname="TestCases.TC_ID1810" name="Scenario1810" time="0.001"/>
  <testcase classname="TestCases.TC_ID1810" name="Scenario1810" time="0.001"/>
  <testcase classname="TestCases.TC_ID1810" name="Scenario1810" time="0.001"/>
  <testcase classname="TestCases.TC_ID1810" name="Scenario1810" time="0.001"/>
  <testcase classname="TestCases.TC_ID1810" name="Scenario1810" time="0.001"/>
  <testcase classname="TestCases.TC_ID1810" name="Scenario1810" time="0.001"/>
  <testcase classname="TestCases.TC_ID1810" name="Scenario1810" time="0.0"/>
  <testcase classname="TestCases.TC_ID1810" name="Scenario1810" time="0.001"/>
  <testcase classname="TestCases.TC_ID1810" name="Scenario1810" time="0.001"/>
  <testcase classname="TestCases.TC_ID1810" name="Scenario1810" time="0.001"/>
  <testcase classname="TestCases.TC_ID1810" name="Scenario1810" time="0.001"/>
  <testcase classname="TestCases.TC_ID1810" name="Scenario1810" time="0.001"/>
  <testcase classname="TestCases.TC_ID1810" name="Scenario1810" time="0.001"/>
  <testcase classname="TestCases.TC_ID1810" name="Scenario1810" time="0.001"/>
  <testcase classname="TestCases.TC_ID1810" name="Scenario1810" time="0.001"/>
  <testcase classname="TestCases.TC_ID1810" name="Scenario1810" time="0.001"/>
  <testcase classname="TestCases.TC_ID1810" name="Scenario1810" time="0.001"/>
  <testcase classname="TestCases.TC_ID1810" name="Scenario1810" time="0.001"/>
  <testcase classname="TestCases.TC_ID1810" name="Scenario1810" time="0.001"/>
  <testcase classname="TestCases.TC_ID1810" name="Scenario1810" time="0.001"/>
  <testcase classname="TestCases.TC_ID1810" name="Scenario1810" time="0.001"/>
  <testcase classname="TestCases.TC_ID1810" name="Scenario1810" time="0.001"/>
  <testcase classname="TestCases.TC_ID1810" name="Scenario1810" time="0.001"/>
  <testcase classname="TestCases.TC_ID1810" name="Scenario1810" time="0.001"/>
  <testcase classname="TestCases.TC_ID1810" name="Scenario1810" time="0.001"/>
  <testcase classname="TestCases.TC_ID1810" name="Scenario1810" time="0.001"/>
  <testcase classname="TestCases.TC_ID1810" name="Scenario1810" time="0.0"/>
  <testcase classname="TestCases.TC_ID1810" name="Scenario1810" time="0.001"/>
  <testcase classname="TestCases.TC_ID1810" name="Scenario1810" time="0.0"/>
  <testcase classname="TestCases.TC_ID1810" name="Scenario1810" time="0.001"/>
  <testcase classname="TestCases.TC_ID1810" name="Scenario1810" time="0.001"/>
  <testcase classname="TestCases.TC_ID1810" name="Scenario1810" time="0.0"/>
  <testcase classname="TestCases.TC_ID1810" name="Scenario1810" time="0.001"/>
  <testcase classname="TestCases.TC_ID1810" name="Scenario1810" time="0.001"/>
  <testcase classname="TestCases.TC_ID1810" name="Scenario1810" time="0.001"/>
  <testcase classname="TestCases.TC_ID1810" name="Scenario1810" time="0.001"/>
  <testcase classname="TestCases.TC_ID1810" name="Scenario1810" time="0.0"/>
  <testcase classname="TestCases.TC_ID1810" name="Scenario1810" time="0.001"/>
  <testcase classname="TestCases.TC_ID1810" name="Scenario1810" time="0.001"/>
  <testcase classname="TestCases.TC_ID1810" name="Scenario1810" time="0.0"/>
  <testcase classname="TestCases.TC_ID1810" name="Scenario1810" time="0.001"/>
  <testcase classname="TestCases.TC_ID1810" name="Scenario1810" time="0.001"/>
  <testcase classname="TestCases.TC_ID1810" name="Scenario1810" time="0.0"/>
  <testcase classname="TestCases.TC_ID1810" name="Scenario1810" time="0.001"/>
  <testcase classname="TestCases.TC_ID1810" name="Scenario1810" time="0.001"/>
  <testcase classname="TestCases.TC_ID1810" name="Scenario1810" time="0.001"/>
  <testcase classname="TestCases.TC_ID1810" name="Scenario1810" time="0.0"/>
  <testcase classname="TestCases.TC_ID1810" name="Scenario1810" time="0.001"/>
  <testcase classname="TestCases.TC_ID1810" name="Scenario1810" time="0.001"/>
  <testcase classname="TestCases.TC_ID1810" name="Scenario1810" time="0.0"/>
  <testcase classname="TestCases.TC_ID1810" name="Scenario1810" time="0.001"/>
  <testcase classname="TestCases.TC_ID1810" name="Scenario1810" time="0.0"/>
  <testcase classname="TestCases.TC_ID1810" name="Scenario1810" time="0.0"/>
  <testcase classname="TestCases.TC_ID1810" name="Scenario1810" time="0.0"/>
  <testcase classname="TestCases.TC_ID1810" name="Scenario1810" time="0.001"/>
  <testcase classname="TestCases.TC_ID1810" name="Scenario1810" time="0.002"/>
</testsuite> <!-- A user can enter their credit card information -->
