<?xml version="1.0" encoding="UTF-8"?>
<!-- Generated by org.testng.reporters.JUnitXMLReporter -->
<testsuite ignored="0" hostname="DESKTOP-5F714E5" failures="1" tests="77" name="Check what happens if we don&#039;t add any text in traveler page and click on continue" time="129.09" errors="0" timestamp="2022-01-18T10:50:53 IST">
  <testcase classname="TestCases.TC_ID6123" name="Scenario6123" time="0.008"/>
  <testcase classname="TestCases.TC_ID6123" name="Scenario6123" time="0.001"/>
  <testcase classname="TestCases.TC_ID6123" name="Scenario6123" time="0.001"/>
  <testcase classname="TestCases.TC_ID6123" name="Scenario6123" time="0.001"/>
  <testcase classname="TestCases.TC_ID6123" name="Scenario6123" time="0.001"/>
  <testcase classname="TestCases.TC_ID6123" name="Scenario6123" time="0.001"/>
  <testcase classname="TestCases.TC_ID6123" name="Scenario6123" time="0.001"/>
  <testcase classname="TestCases.TC_ID6123" name="Scenario6123" time="0.001"/>
  <testcase classname="TestCases.TC_ID6123" name="Scenario6123" time="0.003"/>
  <testcase classname="TestCases.TC_ID6123" name="Scenario6123" time="0.001"/>
  <testcase classname="TestCases.TC_ID6123" name="Scenario6123" time="0.001"/>
  <testcase classname="TestCases.TC_ID6123" name="Scenario6123" time="0.001"/>
  <testcase classname="TestCases.TC_ID6123" name="Scenario6123" time="0.002"/>
  <testcase classname="TestCases.TC_ID6123" name="Scenario6123" time="0.002"/>
  <testcase classname="TestCases.TC_ID6123" name="Scenario6123" time="0.001"/>
  <testcase classname="TestCases.TC_ID6123" name="Scenario6123" time="0.008"/>
  <testcase classname="TestCases.TC_ID6123" name="Scenario6123" time="0.001"/>
  <testcase classname="TestCases.TC_ID6123" name="Scenario6123" time="0.0"/>
  <testcase classname="TestCases.TC_ID6123" name="Scenario6123" time="0.003"/>
  <testcase classname="TestCases.TC_ID6123" name="Scenario6123" time="0.001"/>
  <testcase classname="TestCases.TC_ID6123" name="Scenario6123" time="0.0"/>
  <testcase classname="TestCases.TC_ID6123" name="Scenario6123" time="0.001"/>
  <testcase classname="TestCases.TC_ID6123" name="Scenario6123" time="0.002"/>
  <testcase classname="TestCases.TC_ID6123" name="Scenario6123" time="0.001"/>
  <testcase classname="TestCases.TC_ID6123" name="Scenario6123" time="0.001"/>
  <testcase classname="TestCases.TC_ID6123" name="Scenario6123" time="0.001"/>
  <testcase classname="TestCases.TC_ID6123" name="Scenario6123" time="0.001"/>
  <testcase classname="TestCases.TC_ID6123" name="Scenario6123" time="0.001"/>
  <testcase classname="TestCases.TC_ID6123" name="Scenario6123" time="0.001"/>
  <testcase classname="TestCases.TC_ID6123" name="Scenario6123" time="0.002"/>
  <testcase classname="TestCases.TC_ID6123" name="Scenario6123" time="0.001"/>
  <testcase classname="TestCases.TC_ID6123" name="Scenario6123" time="0.001"/>
  <testcase classname="TestCases.TC_ID6123" name="Scenario6123" time="0.002"/>
  <testcase classname="TestCases.TC_ID6123" name="Scenario6123" time="0.002"/>
  <testcase classname="TestCases.TC_ID6123" name="Scenario6123" time="0.001"/>
  <testcase classname="TestCases.TC_ID6123" name="Scenario6123" time="0.001"/>
  <testcase classname="TestCases.TC_ID6123" name="Scenario6123" time="0.054"/>
  <testcase classname="TestCases.TC_ID6123" name="Scenario6123" time="0.0"/>
  <testcase classname="TestCases.TC_ID6123" name="Scenario6123" time="0.0"/>
  <testcase classname="TestCases.TC_ID6123" name="Scenario6123" time="0.001"/>
  <testcase classname="TestCases.TC_ID6123" name="Scenario6123" time="0.001"/>
  <testcase classname="TestCases.TC_ID6123" name="Scenario6123" time="0.0"/>
  <testcase classname="TestCases.TC_ID6123" name="Scenario6123" time="0.0"/>
  <testcase classname="TestCases.TC_ID6123" name="Scenario6123" time="0.003"/>
  <testcase classname="TestCases.TC_ID6123" name="Scenario6123" time="0.001"/>
  <testcase classname="TestCases.TC_ID6123" name="Scenario6123" time="0.0"/>
  <testcase classname="TestCases.TC_ID6123" name="Scenario6123" time="0.001"/>
  <testcase classname="TestCases.TC_ID6123" name="Scenario6123" time="0.001"/>
  <testcase classname="TestCases.TC_ID6123" name="Scenario6123" time="0.001"/>
  <testcase classname="TestCases.TC_ID6123" name="Scenario6123" time="0.001"/>
  <testcase classname="TestCases.TC_ID6123" name="Scenario6123" time="0.001"/>
  <testcase classname="TestCases.TC_ID6123" name="Scenario6123" time="0.001"/>
  <testcase classname="TestCases.TC_ID6123" name="Scenario6123" time="0.001"/>
  <testcase classname="TestCases.TC_ID6123" name="Scenario6123" time="0.0"/>
  <testcase classname="TestCases.TC_ID6123" name="Scenario6123" time="0.001"/>
  <testcase classname="TestCases.TC_ID6123" name="Scenario6123" time="0.001"/>
  <testcase classname="TestCases.TC_ID6123" name="Scenario6123" time="0.0"/>
  <testcase classname="TestCases.TC_ID6123" name="Scenario6123" time="0.0"/>
  <testcase classname="TestCases.TC_ID6123" name="Scenario6123" time="0.0"/>
  <testcase classname="TestCases.TC_ID6123" name="Scenario6123" time="0.0"/>
  <testcase classname="TestCases.TC_ID6123" name="Scenario6123" time="0.0"/>
  <testcase classname="TestCases.TC_ID6123" name="Scenario6123" time="0.0"/>
  <testcase classname="TestCases.TC_ID6123" name="Scenario6123" time="0.001"/>
  <testcase classname="TestCases.TC_ID6123" name="Scenario6123" time="0.0"/>
  <testcase classname="TestCases.TC_ID6123" name="Scenario6123" time="1.647">
    <failure type="org.openqa.selenium.ElementClickInterceptedException" message="element click intercepted: Element &amp;lt;span class=&amp;quot;relative group-checked:text-white&amp;quot;&amp;gt;...&amp;lt;/span&amp;gt; is not clickable at point (223, 610). Other element would receive the click: &amp;lt;div x-data=&amp;quot;{
        shouldShowBanner: false,
        viewedCookiePolicy: function() {
            let match = document.cookie.match(RegExp(&amp;apos;(?:^|;\\s*)viewed_cookie_policy=([^;]*)&amp;apos;));
            return match ? match[1] : false;
        },
        answer: function(accepted = true) {
            let thirtyDaysInSeconds = 30*24*60*60*1000;
            let expiry = new Date();
            expiry.setTime(expiry.getTime() + thirtyDaysInSeconds);
            document.cookie = `viewed_cookie_policy=yes;expires=${expiry.toUTCString()};path=/;`;
            document.cookie = `cookielawinfo-checkbox-non-necessary=${accepted ? &amp;apos;yes&amp;apos; : &amp;apos;no&amp;apos;};expires=${expiry.toUTCString()};path=/;`;
            this.shouldShowBanner = false;
        }
    }&amp;quot; x-init=&amp;quot;shouldShowBanner = !viewedCookiePolicy()&amp;quot; x-show.transition.origin.bottom.duration.200ms=&amp;quot;shouldShowBanner&amp;quot; class=&amp;quot;fixed left-0 bottom-0 right-0 w-full py-4 bg-white border-t-2 border-primary-500 z-50&amp;quot; style=&amp;quot;opacity: 1; transform: scale(1); transform-origin: center bottom; transition-duration: 0.1s; transition-timing-function: cubic-bezier(0.4, 0, 0.2, 1);&amp;quot;&amp;gt;...&amp;lt;/div&amp;gt;
  (Session info: chrome=97.0.4692.71)
Build info: version: &amp;apos;3.141.59&amp;apos;, revision: &amp;apos;e82be7d358&amp;apos;, time: &amp;apos;2018-11-14T08:17:03&amp;apos;
System info: host: &amp;apos;DESKTOP-5F714E5&amp;apos;, ip: &amp;apos;192.168.0.102&amp;apos;, os.name: &amp;apos;Windows 10&amp;apos;, os.arch: &amp;apos;amd64&amp;apos;, os.version: &amp;apos;10.0&amp;apos;, java.version: &amp;apos;16.0.2&amp;apos;
Driver info: org.openqa.selenium.chrome.ChromeDriver
Capabilities {acceptInsecureCerts: false, browserName: chrome, browserVersion: 97.0.4692.71, chrome: {chromedriverVersion: 97.0.4692.71 (adefa7837d02a..., userDataDir: C:\Users\USHASR~1\AppData\L...}, goog:chromeOptions: {debuggerAddress: localhost:58986}, javascriptEnabled: true, networkConnectionEnabled: false, pageLoadStrategy: normal, platform: WINDOWS, platformName: WINDOWS, proxy: Proxy(), setWindowRect: true, strictFileInteractability: false, timeouts: {implicit: 0, pageLoad: 300000, script: 30000}, unhandledPromptBehavior: dismiss and notify, webauthn:extension:credBlob: true, webauthn:extension:largeBlob: true, webauthn:virtualAuthenticators: true}
Session ID: 061824b3f61d5953e376e5ab9880a013">
      <![CDATA[org.openqa.selenium.ElementClickInterceptedException: element click intercepted: Element <span class="relative group-checked:text-white">...</span> is not clickable at point (223, 610). Other element would receive the click: <div x-data="{
        shouldShowBanner: false,
        viewedCookiePolicy: function() {
            let match = document.cookie.match(RegExp('(?:^|;\\s*)viewed_cookie_policy=([^;]*)'));
            return match ? match[1] : false;
        },
        answer: function(accepted = true) {
            let thirtyDaysInSeconds = 30*24*60*60*1000;
            let expiry = new Date();
            expiry.setTime(expiry.getTime() + thirtyDaysInSeconds);
            document.cookie = `viewed_cookie_policy=yes;expires=${expiry.toUTCString()};path=/;`;
            document.cookie = `cookielawinfo-checkbox-non-necessary=${accepted ? 'yes' : 'no'};expires=${expiry.toUTCString()};path=/;`;
            this.shouldShowBanner = false;
        }
    }" x-init="shouldShowBanner = !viewedCookiePolicy()" x-show.transition.origin.bottom.duration.200ms="shouldShowBanner" class="fixed left-0 bottom-0 right-0 w-full py-4 bg-white border-t-2 border-primary-500 z-50" style="opacity: 1; transform: scale(1); transform-origin: center bottom; transition-duration: 0.1s; transition-timing-function: cubic-bezier(0.4, 0, 0.2, 1);">...</div>
  (Session info: chrome=97.0.4692.71)
Build info: version: '3.141.59', revision: 'e82be7d358', time: '2018-11-14T08:17:03'
System info: host: 'DESKTOP-5F714E5', ip: '192.168.0.102', os.name: 'Windows 10', os.arch: 'amd64', os.version: '10.0', java.version: '16.0.2'
Driver info: org.openqa.selenium.chrome.ChromeDriver
Capabilities {acceptInsecureCerts: false, browserName: chrome, browserVersion: 97.0.4692.71, chrome: {chromedriverVersion: 97.0.4692.71 (adefa7837d02a..., userDataDir: C:\Users\USHASR~1\AppData\L...}, goog:chromeOptions: {debuggerAddress: localhost:58986}, javascriptEnabled: true, networkConnectionEnabled: false, pageLoadStrategy: normal, platform: WINDOWS, platformName: WINDOWS, proxy: Proxy(), setWindowRect: true, strictFileInteractability: false, timeouts: {implicit: 0, pageLoad: 300000, script: 30000}, unhandledPromptBehavior: dismiss and notify, webauthn:extension:credBlob: true, webauthn:extension:largeBlob: true, webauthn:virtualAuthenticators: true}
Session ID: 061824b3f61d5953e376e5ab9880a013
at org.openqa.selenium.remote.http.W3CHttpResponseCodec.createException(W3CHttpResponseCodec.java:187)
at org.openqa.selenium.remote.http.W3CHttpResponseCodec.decode(W3CHttpResponseCodec.java:122)
at org.openqa.selenium.remote.http.W3CHttpResponseCodec.decode(W3CHttpResponseCodec.java:49)
at org.openqa.selenium.remote.HttpCommandExecutor.execute(HttpCommandExecutor.java:158)
at org.openqa.selenium.remote.service.DriverCommandExecutor.execute(DriverCommandExecutor.java:83)
at org.openqa.selenium.remote.RemoteWebDriver.execute(RemoteWebDriver.java:552)
at org.openqa.selenium.remote.RemoteWebElement.execute(RemoteWebElement.java:285)
at org.openqa.selenium.remote.RemoteWebElement.click(RemoteWebElement.java:84)
at org.openqa.selenium.support.pagefactory.internal.LocatingElementHandler.invoke(LocatingElementHandler.java:51)
at jdk.proxy2/jdk.proxy2.$Proxy16.click(Unknown Source)
at Components.Scenario_ID6123.GetQuoteTest(Scenario_ID6123.java:40)
at TestCases.TC_ID6123.Scenario6123(TC_ID6123.java:38)
at java.base/java.util.ArrayList.forEach(ArrayList.java:1511)
... Removed 34 stack frames]]>
    </failure>
  </testcase> <!-- Scenario6123 -->
  <testcase classname="TestCases.TC_ID6123" name="Scenario6123" time="0.001"/>
  <testcase classname="TestCases.TC_ID6123" name="Scenario6123" time="0.001"/>
  <testcase classname="TestCases.TC_ID6123" name="Scenario6123" time="0.001"/>
  <testcase classname="TestCases.TC_ID6123" name="Scenario6123" time="0.002"/>
  <testcase classname="TestCases.TC_ID6123" name="Scenario6123" time="0.001"/>
  <testcase classname="TestCases.TC_ID6123" name="Scenario6123" time="0.001"/>
  <testcase classname="TestCases.TC_ID6123" name="Scenario6123" time="0.001"/>
  <testcase classname="TestCases.TC_ID6123" name="Scenario6123" time="0.0"/>
  <testcase classname="TestCases.TC_ID6123" name="Scenario6123" time="0.001"/>
  <testcase classname="TestCases.TC_ID6123" name="Scenario6123" time="0.001"/>
  <testcase classname="TestCases.TC_ID6123" name="Scenario6123" time="0.001"/>
  <testcase classname="TestCases.TC_ID6123" name="Scenario6123" time="0.0"/>
</testsuite> <!-- Check what happens if we don't add any text in traveler page and click on continue -->
