<?xml version="1.0" encoding="UTF-8"?>
<!-- Generated by org.testng.reporters.JUnitXMLReporter -->
<testsuite ignored="0" hostname="DESKTOP-5F714E5" failures="1" tests="77" name="Verify user able to create T and M policy with Family, AMT" time="151.392" errors="0" timestamp="2022-01-18T11:06:17 IST">
  <testcase classname="TestCases.TC_ID6104" name="Scenario6104" time="0.01"/>
  <testcase classname="TestCases.TC_ID6104" name="Scenario6104" time="0.001"/>
  <testcase classname="TestCases.TC_ID6104" name="Scenario6104" time="0.0"/>
  <testcase classname="TestCases.TC_ID6104" name="Scenario6104" time="0.0"/>
  <testcase classname="TestCases.TC_ID6104" name="Scenario6104" time="0.0"/>
  <testcase classname="TestCases.TC_ID6104" name="Scenario6104" time="0.001"/>
  <testcase classname="TestCases.TC_ID6104" name="Scenario6104" time="0.001"/>
  <testcase classname="TestCases.TC_ID6104" name="Scenario6104" time="0.001"/>
  <testcase classname="TestCases.TC_ID6104" name="Scenario6104" time="0.0"/>
  <testcase classname="TestCases.TC_ID6104" name="Scenario6104" time="0.0"/>
  <testcase classname="TestCases.TC_ID6104" name="Scenario6104" time="0.001"/>
  <testcase classname="TestCases.TC_ID6104" name="Scenario6104" time="0.002"/>
  <testcase classname="TestCases.TC_ID6104" name="Scenario6104" time="0.0"/>
  <testcase classname="TestCases.TC_ID6104" name="Scenario6104" time="0.0"/>
  <testcase classname="TestCases.TC_ID6104" name="Scenario6104" time="0.0"/>
  <testcase classname="TestCases.TC_ID6104" name="Scenario6104" time="0.002"/>
  <testcase classname="TestCases.TC_ID6104" name="Scenario6104" time="0.001"/>
  <testcase classname="TestCases.TC_ID6104" name="Scenario6104" time="0.0"/>
  <testcase classname="TestCases.TC_ID6104" name="Scenario6104" time="0.0"/>
  <testcase classname="TestCases.TC_ID6104" name="Scenario6104" time="0.0"/>
  <testcase classname="TestCases.TC_ID6104" name="Scenario6104" time="0.001"/>
  <testcase classname="TestCases.TC_ID6104" name="Scenario6104" time="0.001"/>
  <testcase classname="TestCases.TC_ID6104" name="Scenario6104" time="0.001"/>
  <testcase classname="TestCases.TC_ID6104" name="Scenario6104" time="0.001"/>
  <testcase classname="TestCases.TC_ID6104" name="Scenario6104" time="0.001"/>
  <testcase classname="TestCases.TC_ID6104" name="Scenario6104" time="0.001"/>
  <testcase classname="TestCases.TC_ID6104" name="Scenario6104" time="0.0"/>
  <testcase classname="TestCases.TC_ID6104" name="Scenario6104" time="0.0"/>
  <testcase classname="TestCases.TC_ID6104" name="Scenario6104" time="0.0"/>
  <testcase classname="TestCases.TC_ID6104" name="Scenario6104" time="0.0"/>
  <testcase classname="TestCases.TC_ID6104" name="Scenario6104" time="0.001"/>
  <testcase classname="TestCases.TC_ID6104" name="Scenario6104" time="0.001"/>
  <testcase classname="TestCases.TC_ID6104" name="Scenario6104" time="0.001"/>
  <testcase classname="TestCases.TC_ID6104" name="Scenario6104" time="0.0"/>
  <testcase classname="TestCases.TC_ID6104" name="Scenario6104" time="0.001"/>
  <testcase classname="TestCases.TC_ID6104" name="Scenario6104" time="0.0"/>
  <testcase classname="TestCases.TC_ID6104" name="Scenario6104" time="0.001"/>
  <testcase classname="TestCases.TC_ID6104" name="Scenario6104" time="0.001"/>
  <testcase classname="TestCases.TC_ID6104" name="Scenario6104" time="0.001"/>
  <testcase classname="TestCases.TC_ID6104" name="Scenario6104" time="0.001"/>
  <testcase classname="TestCases.TC_ID6104" name="Scenario6104" time="0.001"/>
  <testcase classname="TestCases.TC_ID6104" name="Scenario6104" time="0.001"/>
  <testcase classname="TestCases.TC_ID6104" name="Scenario6104" time="0.001"/>
  <testcase classname="TestCases.TC_ID6104" name="Scenario6104" time="0.001"/>
  <testcase classname="TestCases.TC_ID6104" name="Scenario6104" time="0.001"/>
  <testcase classname="TestCases.TC_ID6104" name="Scenario6104" time="0.001"/>
  <testcase classname="TestCases.TC_ID6104" name="Scenario6104" time="0.001"/>
  <testcase classname="TestCases.TC_ID6104" name="Scenario6104" time="0.001"/>
  <testcase classname="TestCases.TC_ID6104" name="Scenario6104" time="0.0"/>
  <testcase classname="TestCases.TC_ID6104" name="Scenario6104" time="0.001"/>
  <testcase classname="TestCases.TC_ID6104" name="Scenario6104" time="0.0"/>
  <testcase classname="TestCases.TC_ID6104" name="Scenario6104" time="0.001"/>
  <testcase classname="TestCases.TC_ID6104" name="Scenario6104" time="0.001"/>
  <testcase classname="TestCases.TC_ID6104" name="Scenario6104" time="0.001"/>
  <testcase classname="TestCases.TC_ID6104" name="Scenario6104" time="0.001"/>
  <testcase classname="TestCases.TC_ID6104" name="Scenario6104" time="0.0"/>
  <testcase classname="TestCases.TC_ID6104" name="Scenario6104" time="0.001"/>
  <testcase classname="TestCases.TC_ID6104" name="Scenario6104" time="0.001"/>
  <testcase classname="TestCases.TC_ID6104" name="Scenario6104" time="0.001"/>
  <testcase classname="TestCases.TC_ID6104" name="Scenario6104" time="0.001"/>
  <testcase classname="TestCases.TC_ID6104" name="Scenario6104" time="0.001"/>
  <testcase classname="TestCases.TC_ID6104" name="Scenario6104" time="0.001"/>
  <testcase classname="TestCases.TC_ID6104" name="Scenario6104" time="0.001"/>
  <testcase classname="TestCases.TC_ID6104" name="Scenario6104" time="0.001"/>
  <testcase classname="TestCases.TC_ID6104" name="Scenario6104" time="0.001"/>
  <testcase classname="TestCases.TC_ID6104" name="Scenario6104" time="0.001"/>
  <testcase classname="TestCases.TC_ID6104" name="Scenario6104" time="0.001"/>
  <testcase classname="TestCases.TC_ID6104" name="Scenario6104" time="0.001"/>
  <testcase classname="TestCases.TC_ID6104" name="Scenario6104" time="0.001"/>
  <testcase classname="TestCases.TC_ID6104" name="Scenario6104" time="0.001"/>
  <testcase classname="TestCases.TC_ID6104" name="Scenario6104" time="0.001"/>
  <testcase classname="TestCases.TC_ID6104" name="Scenario6104" time="0.001"/>
  <testcase classname="TestCases.TC_ID6104" name="Scenario6104" time="0.001"/>
  <testcase classname="TestCases.TC_ID6104" name="Scenario6104" time="52.909">
    <failure type="org.openqa.selenium.WebDriverException" message="target frame detached
  (Session info: chrome=97.0.4692.71)
Build info: version: &amp;apos;3.141.59&amp;apos;, revision: &amp;apos;e82be7d358&amp;apos;, time: &amp;apos;2018-11-14T08:17:03&amp;apos;
System info: host: &amp;apos;DESKTOP-5F714E5&amp;apos;, ip: &amp;apos;192.168.0.102&amp;apos;, os.name: &amp;apos;Windows 10&amp;apos;, os.arch: &amp;apos;amd64&amp;apos;, os.version: &amp;apos;10.0&amp;apos;, java.version: &amp;apos;16.0.2&amp;apos;
Driver info: org.openqa.selenium.chrome.ChromeDriver
Capabilities {acceptInsecureCerts: false, browserName: chrome, browserVersion: 97.0.4692.71, chrome: {chromedriverVersion: 97.0.4692.71 (adefa7837d02a..., userDataDir: C:\Users\USHASR~1\AppData\L...}, goog:chromeOptions: {debuggerAddress: localhost:62980}, javascriptEnabled: true, networkConnectionEnabled: false, pageLoadStrategy: normal, platform: WINDOWS, platformName: WINDOWS, proxy: Proxy(), setWindowRect: true, strictFileInteractability: false, timeouts: {implicit: 0, pageLoad: 300000, script: 30000}, unhandledPromptBehavior: dismiss and notify, webauthn:extension:credBlob: true, webauthn:extension:largeBlob: true, webauthn:virtualAuthenticators: true}
Session ID: 358b89732c9d114cac185cf91628b36b
*** Element info: {Using=xpath, value=//*[@id=&amp;apos;ContentPlaceHolder1_ConditionText&amp;apos;]}">
      <![CDATA[org.openqa.selenium.WebDriverException: target frame detached
  (Session info: chrome=97.0.4692.71)
Build info: version: '3.141.59', revision: 'e82be7d358', time: '2018-11-14T08:17:03'
System info: host: 'DESKTOP-5F714E5', ip: '192.168.0.102', os.name: 'Windows 10', os.arch: 'amd64', os.version: '10.0', java.version: '16.0.2'
Driver info: org.openqa.selenium.chrome.ChromeDriver
Capabilities {acceptInsecureCerts: false, browserName: chrome, browserVersion: 97.0.4692.71, chrome: {chromedriverVersion: 97.0.4692.71 (adefa7837d02a..., userDataDir: C:\Users\USHASR~1\AppData\L...}, goog:chromeOptions: {debuggerAddress: localhost:62980}, javascriptEnabled: true, networkConnectionEnabled: false, pageLoadStrategy: normal, platform: WINDOWS, platformName: WINDOWS, proxy: Proxy(), setWindowRect: true, strictFileInteractability: false, timeouts: {implicit: 0, pageLoad: 300000, script: 30000}, unhandledPromptBehavior: dismiss and notify, webauthn:extension:credBlob: true, webauthn:extension:largeBlob: true, webauthn:virtualAuthenticators: true}
Session ID: 358b89732c9d114cac185cf91628b36b
*** Element info: {Using=xpath, value=//*[@id='ContentPlaceHolder1_ConditionText']}
at org.openqa.selenium.remote.http.W3CHttpResponseCodec.createException(W3CHttpResponseCodec.java:187)
at org.openqa.selenium.remote.http.W3CHttpResponseCodec.decode(W3CHttpResponseCodec.java:122)
at org.openqa.selenium.remote.http.W3CHttpResponseCodec.decode(W3CHttpResponseCodec.java:49)
at org.openqa.selenium.remote.HttpCommandExecutor.execute(HttpCommandExecutor.java:158)
at org.openqa.selenium.remote.service.DriverCommandExecutor.execute(DriverCommandExecutor.java:83)
at org.openqa.selenium.remote.RemoteWebDriver.execute(RemoteWebDriver.java:552)
at org.openqa.selenium.remote.RemoteWebDriver.findElement(RemoteWebDriver.java:323)
at org.openqa.selenium.remote.RemoteWebDriver.findElementByXPath(RemoteWebDriver.java:428)
at org.openqa.selenium.By$ByXPath.findElement(By.java:353)
at org.openqa.selenium.remote.RemoteWebDriver.findElement(RemoteWebDriver.java:315)
at org.openqa.selenium.support.pagefactory.DefaultElementLocator.findElement(DefaultElementLocator.java:69)
at org.openqa.selenium.support.pagefactory.internal.LocatingElementHandler.invoke(LocatingElementHandler.java:38)
at jdk.proxy2/jdk.proxy2.$Proxy16.isDisplayed(Unknown Source)
at org.openqa.selenium.support.ui.ExpectedConditions.elementIfVisible(ExpectedConditions.java:314)
at org.openqa.selenium.support.ui.ExpectedConditions.access$000(ExpectedConditions.java:43)
at org.openqa.selenium.support.ui.ExpectedConditions$10.apply(ExpectedConditions.java:300)
at org.openqa.selenium.support.ui.ExpectedConditions$10.apply(ExpectedConditions.java:297)
at org.openqa.selenium.support.ui.FluentWait.until(FluentWait.java:249)
at Components.Scenario_ID6104.Medical_Conditions(Scenario_ID6104.java:200)
at TestCases.TC_ID6104.Scenario6104(TC_ID6104.java:45)
at java.base/java.util.ArrayList.forEach(ArrayList.java:1511)
... Removed 31 stack frames]]>
    </failure>
  </testcase> <!-- Scenario6104 -->
  <testcase classname="TestCases.TC_ID6104" name="Scenario6104" time="0.001"/>
  <testcase classname="TestCases.TC_ID6104" name="Scenario6104" time="0.001"/>
  <testcase classname="TestCases.TC_ID6104" name="Scenario6104" time="0.0"/>
</testsuite> <!-- Verify user able to create T and M policy with Family, AMT -->
