<?xml version="1.0" encoding="UTF-8"?>
<!-- Generated by org.testng.reporters.JUnitXMLReporter -->
<testsuite ignored="0" hostname="DESKTOP-5F714E5" failures="1" tests="77" name="Verify user able to create T and M policy with SPF, AMT - U/W declined" time="136.398" errors="0" timestamp="2022-01-18T11:11:21 IST">
  <testcase classname="TestCases.TC_ID6106" name="Scenario6106" time="0.01"/>
  <testcase classname="TestCases.TC_ID6106" name="Scenario6106" time="0.001"/>
  <testcase classname="TestCases.TC_ID6106" name="Scenario6106" time="0.0"/>
  <testcase classname="TestCases.TC_ID6106" name="Scenario6106" time="0.0"/>
  <testcase classname="TestCases.TC_ID6106" name="Scenario6106" time="0.0"/>
  <testcase classname="TestCases.TC_ID6106" name="Scenario6106" time="0.0"/>
  <testcase classname="TestCases.TC_ID6106" name="Scenario6106" time="0.0"/>
  <testcase classname="TestCases.TC_ID6106" name="Scenario6106" time="0.0"/>
  <testcase classname="TestCases.TC_ID6106" name="Scenario6106" time="0.001"/>
  <testcase classname="TestCases.TC_ID6106" name="Scenario6106" time="0.0"/>
  <testcase classname="TestCases.TC_ID6106" name="Scenario6106" time="0.0"/>
  <testcase classname="TestCases.TC_ID6106" name="Scenario6106" time="0.001"/>
  <testcase classname="TestCases.TC_ID6106" name="Scenario6106" time="0.0"/>
  <testcase classname="TestCases.TC_ID6106" name="Scenario6106" time="0.001"/>
  <testcase classname="TestCases.TC_ID6106" name="Scenario6106" time="0.0"/>
  <testcase classname="TestCases.TC_ID6106" name="Scenario6106" time="0.001"/>
  <testcase classname="TestCases.TC_ID6106" name="Scenario6106" time="0.001"/>
  <testcase classname="TestCases.TC_ID6106" name="Scenario6106" time="0.001"/>
  <testcase classname="TestCases.TC_ID6106" name="Scenario6106" time="0.001"/>
  <testcase classname="TestCases.TC_ID6106" name="Scenario6106" time="0.001"/>
  <testcase classname="TestCases.TC_ID6106" name="Scenario6106" time="0.001"/>
  <testcase classname="TestCases.TC_ID6106" name="Scenario6106" time="0.0"/>
  <testcase classname="TestCases.TC_ID6106" name="Scenario6106" time="0.001"/>
  <testcase classname="TestCases.TC_ID6106" name="Scenario6106" time="0.0"/>
  <testcase classname="TestCases.TC_ID6106" name="Scenario6106" time="0.0"/>
  <testcase classname="TestCases.TC_ID6106" name="Scenario6106" time="0.001"/>
  <testcase classname="TestCases.TC_ID6106" name="Scenario6106" time="0.001"/>
  <testcase classname="TestCases.TC_ID6106" name="Scenario6106" time="0.001"/>
  <testcase classname="TestCases.TC_ID6106" name="Scenario6106" time="0.0"/>
  <testcase classname="TestCases.TC_ID6106" name="Scenario6106" time="0.0"/>
  <testcase classname="TestCases.TC_ID6106" name="Scenario6106" time="0.001"/>
  <testcase classname="TestCases.TC_ID6106" name="Scenario6106" time="0.0"/>
  <testcase classname="TestCases.TC_ID6106" name="Scenario6106" time="0.0"/>
  <testcase classname="TestCases.TC_ID6106" name="Scenario6106" time="0.001"/>
  <testcase classname="TestCases.TC_ID6106" name="Scenario6106" time="0.001"/>
  <testcase classname="TestCases.TC_ID6106" name="Scenario6106" time="0.0"/>
  <testcase classname="TestCases.TC_ID6106" name="Scenario6106" time="0.0"/>
  <testcase classname="TestCases.TC_ID6106" name="Scenario6106" time="0.001"/>
  <testcase classname="TestCases.TC_ID6106" name="Scenario6106" time="0.001"/>
  <testcase classname="TestCases.TC_ID6106" name="Scenario6106" time="0.001"/>
  <testcase classname="TestCases.TC_ID6106" name="Scenario6106" time="0.001"/>
  <testcase classname="TestCases.TC_ID6106" name="Scenario6106" time="0.001"/>
  <testcase classname="TestCases.TC_ID6106" name="Scenario6106" time="0.001"/>
  <testcase classname="TestCases.TC_ID6106" name="Scenario6106" time="0.0"/>
  <testcase classname="TestCases.TC_ID6106" name="Scenario6106" time="0.0"/>
  <testcase classname="TestCases.TC_ID6106" name="Scenario6106" time="0.001"/>
  <testcase classname="TestCases.TC_ID6106" name="Scenario6106" time="0.0"/>
  <testcase classname="TestCases.TC_ID6106" name="Scenario6106" time="0.001"/>
  <testcase classname="TestCases.TC_ID6106" name="Scenario6106" time="0.001"/>
  <testcase classname="TestCases.TC_ID6106" name="Scenario6106" time="0.001"/>
  <testcase classname="TestCases.TC_ID6106" name="Scenario6106" time="0.0"/>
  <testcase classname="TestCases.TC_ID6106" name="Scenario6106" time="0.0"/>
  <testcase classname="TestCases.TC_ID6106" name="Scenario6106" time="0.001"/>
  <testcase classname="TestCases.TC_ID6106" name="Scenario6106" time="0.0"/>
  <testcase classname="TestCases.TC_ID6106" name="Scenario6106" time="0.0"/>
  <testcase classname="TestCases.TC_ID6106" name="Scenario6106" time="0.0"/>
  <testcase classname="TestCases.TC_ID6106" name="Scenario6106" time="0.0"/>
  <testcase classname="TestCases.TC_ID6106" name="Scenario6106" time="0.001"/>
  <testcase classname="TestCases.TC_ID6106" name="Scenario6106" time="0.0"/>
  <testcase classname="TestCases.TC_ID6106" name="Scenario6106" time="0.0"/>
  <testcase classname="TestCases.TC_ID6106" name="Scenario6106" time="0.001"/>
  <testcase classname="TestCases.TC_ID6106" name="Scenario6106" time="0.0"/>
  <testcase classname="TestCases.TC_ID6106" name="Scenario6106" time="0.0"/>
  <testcase classname="TestCases.TC_ID6106" name="Scenario6106" time="0.0"/>
  <testcase classname="TestCases.TC_ID6106" name="Scenario6106" time="0.001"/>
  <testcase classname="TestCases.TC_ID6106" name="Scenario6106" time="0.001"/>
  <testcase classname="TestCases.TC_ID6106" name="Scenario6106" time="0.0"/>
  <testcase classname="TestCases.TC_ID6106" name="Scenario6106" time="0.0"/>
  <testcase classname="TestCases.TC_ID6106" name="Scenario6106" time="0.0"/>
  <testcase classname="TestCases.TC_ID6106" name="Scenario6106" time="0.0"/>
  <testcase classname="TestCases.TC_ID6106" name="Scenario6106" time="0.001"/>
  <testcase classname="TestCases.TC_ID6106" name="Scenario6106" time="0.0"/>
  <testcase classname="TestCases.TC_ID6106" name="Scenario6106" time="0.001"/>
  <testcase classname="TestCases.TC_ID6106" name="Scenario6106" time="0.001"/>
  <testcase classname="TestCases.TC_ID6106" name="Scenario6106" time="0.001"/>
  <testcase classname="TestCases.TC_ID6106" name="Scenario6106" time="38.676">
    <failure type="org.openqa.selenium.NoSuchWindowException" message="no such window
  (Session info: chrome=97.0.4692.71)
Build info: version: &amp;apos;3.141.59&amp;apos;, revision: &amp;apos;e82be7d358&amp;apos;, time: &amp;apos;2018-11-14T08:17:03&amp;apos;
System info: host: &amp;apos;DESKTOP-5F714E5&amp;apos;, ip: &amp;apos;192.168.0.102&amp;apos;, os.name: &amp;apos;Windows 10&amp;apos;, os.arch: &amp;apos;amd64&amp;apos;, os.version: &amp;apos;10.0&amp;apos;, java.version: &amp;apos;16.0.2&amp;apos;
Driver info: org.openqa.selenium.chrome.ChromeDriver
Capabilities {acceptInsecureCerts: false, browserName: chrome, browserVersion: 97.0.4692.71, chrome: {chromedriverVersion: 97.0.4692.71 (adefa7837d02a..., userDataDir: C:\Users\USHASR~1\AppData\L...}, goog:chromeOptions: {debuggerAddress: localhost:58806}, javascriptEnabled: true, networkConnectionEnabled: false, pageLoadStrategy: normal, platform: WINDOWS, platformName: WINDOWS, proxy: Proxy(), setWindowRect: true, strictFileInteractability: false, timeouts: {implicit: 0, pageLoad: 300000, script: 30000}, unhandledPromptBehavior: dismiss and notify, webauthn:extension:credBlob: true, webauthn:extension:largeBlob: true, webauthn:virtualAuthenticators: true}
Session ID: fea2e25aa7d675a893b2000378c60b7d
*** Element info: {Using=xpath, value=//*[@id=&amp;apos;ContentPlaceHolder1_ConditionText&amp;apos;]}">
      <![CDATA[org.openqa.selenium.NoSuchWindowException: no such window
  (Session info: chrome=97.0.4692.71)
Build info: version: '3.141.59', revision: 'e82be7d358', time: '2018-11-14T08:17:03'
System info: host: 'DESKTOP-5F714E5', ip: '192.168.0.102', os.name: 'Windows 10', os.arch: 'amd64', os.version: '10.0', java.version: '16.0.2'
Driver info: org.openqa.selenium.chrome.ChromeDriver
Capabilities {acceptInsecureCerts: false, browserName: chrome, browserVersion: 97.0.4692.71, chrome: {chromedriverVersion: 97.0.4692.71 (adefa7837d02a..., userDataDir: C:\Users\USHASR~1\AppData\L...}, goog:chromeOptions: {debuggerAddress: localhost:58806}, javascriptEnabled: true, networkConnectionEnabled: false, pageLoadStrategy: normal, platform: WINDOWS, platformName: WINDOWS, proxy: Proxy(), setWindowRect: true, strictFileInteractability: false, timeouts: {implicit: 0, pageLoad: 300000, script: 30000}, unhandledPromptBehavior: dismiss and notify, webauthn:extension:credBlob: true, webauthn:extension:largeBlob: true, webauthn:virtualAuthenticators: true}
Session ID: fea2e25aa7d675a893b2000378c60b7d
*** Element info: {Using=xpath, value=//*[@id='ContentPlaceHolder1_ConditionText']}
at org.openqa.selenium.remote.http.W3CHttpResponseCodec.createException(W3CHttpResponseCodec.java:187)
at org.openqa.selenium.remote.http.W3CHttpResponseCodec.decode(W3CHttpResponseCodec.java:122)
at org.openqa.selenium.remote.http.W3CHttpResponseCodec.decode(W3CHttpResponseCodec.java:49)
at org.openqa.selenium.remote.HttpCommandExecutor.execute(HttpCommandExecutor.java:158)
at org.openqa.selenium.remote.service.DriverCommandExecutor.execute(DriverCommandExecutor.java:83)
at org.openqa.selenium.remote.RemoteWebDriver.execute(RemoteWebDriver.java:552)
at org.openqa.selenium.remote.RemoteWebDriver.findElement(RemoteWebDriver.java:323)
at org.openqa.selenium.remote.RemoteWebDriver.findElementByXPath(RemoteWebDriver.java:428)
at org.openqa.selenium.By$ByXPath.findElement(By.java:353)
at org.openqa.selenium.remote.RemoteWebDriver.findElement(RemoteWebDriver.java:315)
at org.openqa.selenium.support.pagefactory.DefaultElementLocator.findElement(DefaultElementLocator.java:69)
at org.openqa.selenium.support.pagefactory.internal.LocatingElementHandler.invoke(LocatingElementHandler.java:38)
at jdk.proxy2/jdk.proxy2.$Proxy16.sendKeys(Unknown Source)
at Components.Scenario_ID6106.Medical_Conditions(Scenario_ID6106.java:181)
at TestCases.TC_ID6106.Scenario6106(TC_ID6106.java:43)
at java.base/java.util.ArrayList.forEach(ArrayList.java:1511)
... Removed 31 stack frames]]>
    </failure>
  </testcase> <!-- Scenario6106 -->
  <testcase classname="TestCases.TC_ID6106" name="Scenario6106" time="0.001"/>
</testsuite> <!-- Verify user able to create T and M policy with SPF, AMT - U/W declined -->
