<?xml version="1.0" encoding="UTF-8"?>
<!-- Generated by org.testng.reporters.JUnitXMLReporter -->
<testsuite ignored="0" hostname="DESKTOP-5F714E5" failures="1" tests="42" name="Verify user able to create Travel and Medical policy with Individual, ST" time="77.395" errors="0" timestamp="2021-10-09T16:00:27 IST">
  <testcase classname="TestCases.TC_ID3988" name="TravelMedicalGroupST" time="0.019"/>
  <testcase classname="TestCases.TC_ID3988" name="TravelMedicalGroupST" time="0.002"/>
  <testcase classname="TestCases.TC_ID3988" name="TravelMedicalGroupST" time="0.005"/>
  <testcase classname="TestCases.TC_ID3988" name="TravelMedicalGroupST" time="0.002"/>
  <testcase classname="TestCases.TC_ID3988" name="TravelMedicalGroupST" time="0.006"/>
  <testcase classname="TestCases.TC_ID3988" name="TravelMedicalGroupST" time="0.003"/>
  <testcase classname="TestCases.TC_ID3988" name="TravelMedicalGroupST" time="0.004"/>
  <testcase classname="TestCases.TC_ID3988" name="TravelMedicalGroupST" time="0.003"/>
  <testcase classname="TestCases.TC_ID3988" name="TravelMedicalGroupST" time="0.006"/>
  <testcase classname="TestCases.TC_ID3988" name="TravelMedicalGroupST" time="0.003"/>
  <testcase classname="TestCases.TC_ID3988" name="TravelMedicalGroupST" time="0.004"/>
  <testcase classname="TestCases.TC_ID3988" name="TravelMedicalGroupST" time="0.004"/>
  <testcase classname="TestCases.TC_ID3988" name="TravelMedicalGroupST" time="0.005"/>
  <testcase classname="TestCases.TC_ID3988" name="TravelMedicalGroupST" time="0.009"/>
  <testcase classname="TestCases.TC_ID3988" name="TravelMedicalGroupST" time="0.004"/>
  <testcase classname="TestCases.TC_ID3988" name="TravelMedicalGroupST" time="0.006"/>
  <testcase classname="TestCases.TC_ID3988" name="TravelMedicalGroupST" time="0.002"/>
  <testcase classname="TestCases.TC_ID3988" name="TravelMedicalGroupST" time="0.003"/>
  <testcase classname="TestCases.TC_ID3988" name="TravelMedicalGroupST" time="0.002"/>
  <testcase classname="TestCases.TC_ID3988" name="TravelMedicalGroupST" time="0.002"/>
  <testcase classname="TestCases.TC_ID3988" name="TravelMedicalGroupST" time="0.003"/>
  <testcase classname="TestCases.TC_ID3988" name="TravelMedicalGroupST" time="0.006"/>
  <testcase classname="TestCases.TC_ID3988" name="TravelMedicalGroupST" time="0.002"/>
  <testcase classname="TestCases.TC_ID3988" name="TravelMedicalGroupST" time="0.001"/>
  <testcase classname="TestCases.TC_ID3988" name="TravelMedicalGroupST" time="0.002"/>
  <testcase classname="TestCases.TC_ID3988" name="TravelMedicalGroupST" time="0.003"/>
  <testcase classname="TestCases.TC_ID3988" name="TravelMedicalGroupST" time="0.004"/>
  <testcase classname="TestCases.TC_ID3988" name="TravelMedicalGroupST" time="0.002"/>
  <testcase classname="TestCases.TC_ID3988" name="TravelMedicalGroupST" time="0.005"/>
  <testcase classname="TestCases.TC_ID3988" name="TravelMedicalGroupST" time="0.002"/>
  <testcase classname="TestCases.TC_ID3988" name="TravelMedicalGroupST" time="0.002"/>
  <testcase classname="TestCases.TC_ID3988" name="TravelMedicalGroupST" time="0.006"/>
  <testcase classname="TestCases.TC_ID3988" name="TravelMedicalGroupST" time="0.002"/>
  <testcase classname="TestCases.TC_ID3988" name="TravelMedicalGroupST" time="0.003"/>
  <testcase classname="TestCases.TC_ID3988" name="TravelMedicalGroupST" time="0.005"/>
  <testcase classname="TestCases.TC_ID3988" name="TravelMedicalGroupST" time="0.006"/>
  <testcase classname="TestCases.TC_ID3988" name="TravelMedicalGroupST" time="0.003"/>
  <testcase classname="TestCases.TC_ID3988" name="TravelMedicalGroupST" time="0.001"/>
  <testcase classname="TestCases.TC_ID3988" name="TravelMedicalGroupST" time="0.001"/>
  <testcase classname="TestCases.TC_ID3988" name="TravelMedicalGroupST" time="0.005"/>
  <testcase classname="TestCases.TC_ID3988" name="TravelMedicalGroupST" time="0.002"/>
  <testcase classname="TestCases.TC_ID3988" name="TravelMedicalGroupST" time="15.993">
    <failure type="org.openqa.selenium.NoSuchElementException" message="no such element: Unable to locate element: {&amp;quot;method&amp;quot;:&amp;quot;xpath&amp;quot;,&amp;quot;selector&amp;quot;:&amp;quot;//input[@name=&amp;apos;party-has-terminal-illness-question&amp;apos; and @value=&amp;apos;false&amp;apos;]&amp;quot;}
  (Session info: chrome=94.0.4606.71)
For documentation on this error, please visit: https://www.seleniumhq.org/exceptions/no_such_element.html
Build info: version: &amp;apos;3.141.59&amp;apos;, revision: &amp;apos;e82be7d358&amp;apos;, time: &amp;apos;2018-11-14T08:17:03&amp;apos;
System info: host: &amp;apos;DESKTOP-5F714E5&amp;apos;, ip: &amp;apos;192.168.0.105&amp;apos;, os.name: &amp;apos;Windows 10&amp;apos;, os.arch: &amp;apos;amd64&amp;apos;, os.version: &amp;apos;10.0&amp;apos;, java.version: &amp;apos;16.0.2&amp;apos;
Driver info: org.openqa.selenium.chrome.ChromeDriver
Capabilities {acceptInsecureCerts: false, browserName: chrome, browserVersion: 94.0.4606.71, chrome: {chromedriverVersion: 94.0.4606.61 (418b78f5838ed..., userDataDir: C:\Users\USHASR~1\AppData\L...}, goog:chromeOptions: {debuggerAddress: localhost:60141}, javascriptEnabled: true, networkConnectionEnabled: false, pageLoadStrategy: normal, platform: WINDOWS, platformName: WINDOWS, proxy: Proxy(), setWindowRect: true, strictFileInteractability: false, timeouts: {implicit: 0, pageLoad: 300000, script: 30000}, unhandledPromptBehavior: dismiss and notify, webauthn:extension:credBlob: true, webauthn:extension:largeBlob: true, webauthn:virtualAuthenticators: true}
Session ID: 23e51371ca76182a7c9fc08fd9da8a66
*** Element info: {Using=xpath, value=//input[@name=&amp;apos;party-has-terminal-illness-question&amp;apos; and @value=&amp;apos;false&amp;apos;]}">
      <![CDATA[org.openqa.selenium.NoSuchElementException: no such element: Unable to locate element: {"method":"xpath","selector":"//input[@name='party-has-terminal-illness-question' and @value='false']"}
  (Session info: chrome=94.0.4606.71)
For documentation on this error, please visit: https://www.seleniumhq.org/exceptions/no_such_element.html
Build info: version: '3.141.59', revision: 'e82be7d358', time: '2018-11-14T08:17:03'
System info: host: 'DESKTOP-5F714E5', ip: '192.168.0.105', os.name: 'Windows 10', os.arch: 'amd64', os.version: '10.0', java.version: '16.0.2'
Driver info: org.openqa.selenium.chrome.ChromeDriver
Capabilities {acceptInsecureCerts: false, browserName: chrome, browserVersion: 94.0.4606.71, chrome: {chromedriverVersion: 94.0.4606.61 (418b78f5838ed..., userDataDir: C:\Users\USHASR~1\AppData\L...}, goog:chromeOptions: {debuggerAddress: localhost:60141}, javascriptEnabled: true, networkConnectionEnabled: false, pageLoadStrategy: normal, platform: WINDOWS, platformName: WINDOWS, proxy: Proxy(), setWindowRect: true, strictFileInteractability: false, timeouts: {implicit: 0, pageLoad: 300000, script: 30000}, unhandledPromptBehavior: dismiss and notify, webauthn:extension:credBlob: true, webauthn:extension:largeBlob: true, webauthn:virtualAuthenticators: true}
Session ID: 23e51371ca76182a7c9fc08fd9da8a66
*** Element info: {Using=xpath, value=//input[@name='party-has-terminal-illness-question' and @value='false']}
at org.openqa.selenium.remote.http.W3CHttpResponseCodec.createException(W3CHttpResponseCodec.java:187)
at org.openqa.selenium.remote.http.W3CHttpResponseCodec.decode(W3CHttpResponseCodec.java:122)
at org.openqa.selenium.remote.http.W3CHttpResponseCodec.decode(W3CHttpResponseCodec.java:49)
at org.openqa.selenium.remote.HttpCommandExecutor.execute(HttpCommandExecutor.java:158)
at org.openqa.selenium.remote.service.DriverCommandExecutor.execute(DriverCommandExecutor.java:83)
at org.openqa.selenium.remote.RemoteWebDriver.execute(RemoteWebDriver.java:552)
at org.openqa.selenium.remote.RemoteWebDriver.findElement(RemoteWebDriver.java:323)
at org.openqa.selenium.remote.RemoteWebDriver.findElementByXPath(RemoteWebDriver.java:428)
at org.openqa.selenium.By$ByXPath.findElement(By.java:353)
at org.openqa.selenium.remote.RemoteWebDriver.findElement(RemoteWebDriver.java:315)
at org.openqa.selenium.support.pagefactory.DefaultElementLocator.findElement(DefaultElementLocator.java:69)
at org.openqa.selenium.support.pagefactory.internal.LocatingElementHandler.invoke(LocatingElementHandler.java:38)
at jdk.proxy2/jdk.proxy2.$Proxy16.click(Unknown Source)
at Components.Scenario_ID3988.PreExistingMedicalQuesTest(Scenario_ID3988.java:58)
at TestCases.TC_ID3988.TravelMedicalGroupST(TC_ID3988.java:35)
at java.base/java.util.ArrayList.forEach(ArrayList.java:1511)
... Removed 31 stack frames]]>
    </failure>
  </testcase> <!-- TravelMedicalGroupST -->
</testsuite> <!-- Verify user able to create Travel and Medical policy with Individual, ST -->
